<?xml version="1.0" encoding="utf-8"?><testsuites name="pytest tests"><testsuite name="pytest" errors="0" failures="0" skipped="0" tests="15" time="32.721" timestamp="2026-04-30T05:27:51.986870+00:00" hostname="agent-env-ba999ff0-b0a0-4c59-b346-fc3f4eaa7af6"><testcase classname="tests.test_e2e_flow.TestPublicRoutes" name="test_health" time="0.247" /><testcase classname="tests.test_e2e_flow.TestPublicRoutes" name="test_requires_auth[/api/cases]" time="0.125" /><testcase classname="tests.test_e2e_flow.TestPublicRoutes" name="test_requires_auth[/api/auth/me]" time="0.140" /><testcase classname="tests.test_e2e_flow.TestPublicRoutes" name="test_requires_auth[/api/documents?case_id=00000000-0000-0000-0000-000000000000]" time="0.133" /><testcase classname="tests.test_e2e_flow.TestPublicRoutes" name="test_requires_auth[/api/runs/types]" time="0.089" /><testcase classname="tests.test_e2e_flow.TestPublicRoutes" name="test_requires_auth[/api/drafts?case_id=00000000-0000-0000-0000-000000000000]" time="0.102" /><testcase classname="tests.test_e2e_flow.TestAuth" name="test_me" time="0.754" /><testcase classname="tests.test_e2e_flow.TestFullFlow" name="test_create_case" time="0.587" /><testcase classname="tests.test_e2e_flow.TestFullFlow" name="test_list_and_get_case" time="1.055" /><testcase classname="tests.test_e2e_flow.TestFullFlow" name="test_upload_document_and_dedupe" time="2.523" /><testcase classname="tests.test_e2e_flow.TestFullFlow" name="test_document_indexing_ready" time="3.083" /><testcase classname="tests.test_e2e_flow.TestFullFlow" name="test_runs_types" time="0.316" /><testcase classname="tests.test_e2e_flow.TestFullFlow" name="test_create_and_poll_run" time="19.385" /><testcase classname="tests.test_e2e_flow.TestFullFlow" name="test_draft_and_evidences_antifantasma" time="1.591" /><testcase classname="tests.test_e2e_flow.TestFullFlow" name="test_draft_approve_revision_and_block" time="2.499" /></testsuite></testsuites>