<?xml version="1.0" encoding="utf-8"?><testsuites name="pytest tests"><testsuite name="pytest" errors="0" failures="0" skipped="0" tests="36" time="41.164" timestamp="2026-04-30T20:35:12.105128+00:00" hostname="agent-env-ba999ff0-b0a0-4c59-b346-fc3f4eaa7af6"><testcase classname="tests.test_budget" name="test_usage_empty_is_zero" time="0.001" /><testcase classname="tests.test_budget" name="test_usage_accumulates" time="0.001" /><testcase classname="tests.test_budget" name="test_is_over_budget_honours_monthly_cap" time="0.001" /><testcase classname="tests.test_chunker" name="test_chunker_basic_splits_long_pages" time="0.001" /><testcase classname="tests.test_chunker" name="test_chunker_preserves_overlap_between_chunks" time="0.001" /><testcase classname="tests.test_chunker" name="test_chunker_handles_multiple_pages" time="0.001" /><testcase classname="tests.test_citation_validator" name="test_verbatim_match_passes" time="0.000" /><testcase classname="tests.test_citation_validator" name="test_paraphrase_fails" time="0.000" /><testcase classname="tests.test_citation_validator" name="test_unknown_document_fails" time="0.000" /><testcase classname="tests.test_citation_validator" name="test_short_excerpt_fails" time="0.000" /><testcase classname="tests.test_citation_validator" name="test_marker_parsing" time="0.000" /><testcase classname="tests.test_citation_validator" name="test_whitespace_normalization" time="0.000" /><testcase classname="tests.test_docx_exporter" name="test_docx_renders_headings_and_bullets" time="0.046" /><testcase classname="tests.test_docx_exporter" name="test_docx_handles_empty_lines" time="0.021" /><testcase classname="tests.test_e2e_flow.TestPublicRoutes" name="test_health" time="0.320" /><testcase classname="tests.test_e2e_flow.TestPublicRoutes" name="test_requires_auth[/api/cases]" time="0.194" /><testcase classname="tests.test_e2e_flow.TestPublicRoutes" name="test_requires_auth[/api/auth/me]" time="0.202" /><testcase classname="tests.test_e2e_flow.TestPublicRoutes" name="test_requires_auth[/api/documents?case_id=00000000-0000-0000-0000-000000000000]" time="0.123" /><testcase classname="tests.test_e2e_flow.TestPublicRoutes" name="test_requires_auth[/api/runs/types]" time="0.166" /><testcase classname="tests.test_e2e_flow.TestPublicRoutes" name="test_requires_auth[/api/drafts?case_id=00000000-0000-0000-0000-000000000000]" time="0.157" /><testcase classname="tests.test_e2e_flow.TestAuth" name="test_me" time="1.200" /><testcase classname="tests.test_e2e_flow.TestFullFlow" name="test_create_case" time="0.964" /><testcase classname="tests.test_e2e_flow.TestFullFlow" name="test_list_and_get_case" time="1.609" /><testcase classname="tests.test_e2e_flow.TestFullFlow" name="test_upload_document_and_dedupe" time="2.720" /><testcase classname="tests.test_e2e_flow.TestFullFlow" name="test_document_indexing_ready" time="3.368" /><testcase classname="tests.test_e2e_flow.TestFullFlow" name="test_runs_types" time="0.349" /><testcase classname="tests.test_e2e_flow.TestFullFlow" name="test_create_and_poll_run" time="16.578" /><testcase classname="tests.test_e2e_flow.TestFullFlow" name="test_draft_and_evidences_antifantasma" time="1.759" /><testcase classname="tests.test_e2e_flow.TestFullFlow" name="test_draft_approve_revision_and_revalidate" time="5.838" /><testcase classname="tests.test_sharing" name="test_create_resolve_revoke_share" time="1.696" /><testcase classname="tests.test_sharing" name="test_resolve_missing_token_returns_none" time="0.207" /><testcase classname="tests.test_sharing" name="test_invalid_expires_in_rejected" time="0.000" /><testcase classname="tests.test_versioning" name="test_concurrent_atomic_inserts_are_unique" time="1.527" /><testcase classname="tests.test_workflow_registry" name="test_registry_contains_phase2b_workflows" time="0.000" /><testcase classname="tests.test_workflow_registry" name="test_each_workflow_has_steps_and_assembler" time="0.000" /><testcase classname="tests.test_workflow_registry" name="test_get_workflow_unknown" time="0.000" /></testsuite></testsuites>