<?xml version="1.0" encoding="utf-8"?><testsuites name="pytest tests"><testsuite name="pytest" errors="0" failures="0" skipped="0" tests="9" time="45.665" timestamp="2026-04-30T20:41:41.211919+00:00" hostname="agent-env-ba999ff0-b0a0-4c59-b346-fc3f4eaa7af6"><testcase classname="tests.test_phase2b_e2e" name="test_1_civil_demand_structure" time="33.365" /><testcase classname="tests.test_phase2b_e2e" name="test_1_civil_demand_evidences_verified" time="0.000" /><testcase classname="tests.test_phase2b_e2e" name="test_1_hechos_numerados_with_markers" time="0.000" /><testcase classname="tests.test_phase2b_e2e" name="test_2_docx_export" time="3.713" /><testcase classname="tests.test_phase2b_e2e" name="test_3_budget_over_budget_402_logic" time="0.001" /><testcase classname="tests.test_phase2b_e2e" name="test_3_budget_restore_after_test" time="0.000" /><testcase classname="tests.test_phase2b_e2e" name="test_5_sharing_full_flow" time="6.545" /><testcase classname="tests.test_phase2b_e2e" name="test_6_persistent_share_7d" time="1.957" /><testcase classname="tests.test_phase2b_e2e" name="test_zz_print_seed_summary" time="0.000" /></testsuite></testsuites>